2026-01-22 01:02:24,117 [INFO] ==== RAW sys.argv DUMP START ====
2026-01-22 01:02:24,117 [INFO] sys.argv (len=8): ['C:\\xampp\\htdocs\\Stock_Analyzer\\backend\\market_correction_api.py', '10', '-8', '-20', '40', '5.5', '1.8', '1']
2026-01-22 01:02:24,117 [INFO] argv[0] = 'C:\\xampp\\htdocs\\Stock_Analyzer\\backend\\market_correction_api.py'
2026-01-22 01:02:24,117 [INFO] argv[1] = '10'
2026-01-22 01:02:24,117 [INFO] argv[2] = '-8'
2026-01-22 01:02:24,117 [INFO] argv[3] = '-20'
2026-01-22 01:02:24,118 [INFO] argv[4] = '40'
2026-01-22 01:02:24,118 [INFO] argv[5] = '5.5'
2026-01-22 01:02:24,118 [INFO] argv[6] = '1.8'
2026-01-22 01:02:24,118 [INFO] argv[7] = '1'
2026-01-22 01:02:24,118 [INFO] ==== RAW sys.argv DUMP END ====
2026-01-22 01:02:24,118 [INFO] ====================================
2026-01-22 01:02:24,118 [INFO] SCRIPT LOADED
2026-01-22 01:02:24,118 [INFO] Time: 2026-01-22 01:02:24.118906
2026-01-22 01:02:24,118 [INFO] BASE_DIR: C:\xampp\htdocs\Stock_Analyzer
2026-01-22 01:02:24,118 [INFO] CWD: C:\xampp\htdocs\Stock_Analyzer\public_html
2026-01-22 01:02:24,118 [INFO] sys.path: ['C:\\xampp\\htdocs\\Stock_Analyzer', 'C:\\xampp\\htdocs\\Stock_Analyzer\\backend', 'C:\\Users\\yesup\\AppData\\Local\\Programs\\Python\\Python311\\python311.zip', 'C:\\Users\\yesup\\AppData\\Local\\Programs\\Python\\Python311\\DLLs', 'C:\\Users\\yesup\\AppData\\Local\\Programs\\Python\\Python311\\Lib', 'C:\\Users\\yesup\\AppData\\Local\\Programs\\Python\\Python311', 'C:\\xampp\\htdocs\\Stock_Analyzer\\venv', 'C:\\xampp\\htdocs\\Stock_Analyzer\\venv\\Lib\\site-packages']
2026-01-22 01:02:24,118 [INFO] ====================================
2026-01-22 01:02:24,118 [INFO] Changed CWD to C:\xampp\htdocs\Stock_Analyzer
2026-01-22 01:02:25,148 [INFO] About to call main()
2026-01-22 01:02:25,148 [INFO] Entered main()
2026-01-22 01:02:25,148 [INFO] Skip filters = True
2026-01-22 01:02:25,148 [INFO] Params \u2192 window=10, min_corr=-8.0, max_corr=-20.0, rsi_min=40.0, max_atr=5.5, min_rr=1.8, skip_filters=True
2026-01-22 01:02:25,442 [INFO] Processing ABB.NS
2026-01-22 01:02:26,174 [INFO] Processing ABBOTINDIA.NS
2026-01-22 01:02:26,423 [INFO] Processing ACC.NS
2026-01-22 01:02:26,647 [INFO] Processing AEGISLOG.NS
2026-01-22 01:02:26,797 [INFO] Processing AJANTPHARM.NS
2026-01-22 01:02:26,975 [INFO] Processing ALKEM.NS
2026-01-22 01:02:27,138 [INFO] Processing AMBER.NS
2026-01-22 01:02:27,290 [INFO] Processing AMBUJACEM.NS
2026-01-22 01:02:27,498 [INFO] Processing ANANTRAJ.NS
2026-01-22 01:02:27,708 [INFO] Processing APLLTD.NS
2026-01-22 01:02:27,896 [INFO] Processing APOLLOHOSP.NS
2026-01-22 01:02:28,113 [INFO] Processing APOLLOTYRE.NS
2026-01-22 01:02:28,304 [INFO] Processing ASHOKLEY.NS
2026-01-22 01:02:28,536 [INFO] Processing ASIANPAINT.NS
2026-01-22 01:02:28,739 [INFO] Processing AUROPHARMA.NS
2026-01-22 01:02:28,946 [INFO] Processing AXISBANK.NS
2026-01-22 01:02:29,129 [INFO] Processing BAJAJ-AUTO.NS
2026-01-22 01:02:29,315 [INFO] Processing BAJAJFINSV.NS
2026-01-22 01:02:29,500 [INFO] Processing BAJFINANCE.NS
2026-01-22 01:02:29,701 [INFO] Processing BATAINDIA.NS
2026-01-22 01:02:29,874 [INFO] Processing BEL.NS
2026-01-22 01:02:30,072 [INFO] Processing BEML.NS
2026-01-22 01:02:30,243 [INFO] Processing BHARATFORG.NS
2026-01-22 01:02:30,450 [INFO] Processing BHARTIARTL.NS
2026-01-22 01:02:30,628 [INFO] Processing BIOCON.NS
2026-01-22 01:02:30,812 [INFO] Processing BLUESTARCO.NS
2026-01-22 01:02:31,009 [INFO] Processing BPCL.NS
2026-01-22 01:02:31,218 [INFO] Processing BRIGADE.NS
2026-01-22 01:02:31,397 [INFO] Processing CENTURYPLY.NS
2026-01-22 01:02:31,590 [INFO] Processing CERA.NS
2026-01-22 01:02:31,741 [INFO] Processing CIPLA.NS
2026-01-22 01:02:31,926 [INFO] Processing COALINDIA.NS
2026-01-22 01:02:32,123 [INFO] Processing COFORGE.NS
2026-01-22 01:02:32,294 [INFO] Processing CROMPTON.NS
2026-01-22 01:02:32,443 [INFO] Processing DIVISLAB.NS
2026-01-22 01:02:32,636 [INFO] Processing DIXON.NS
2026-01-22 01:02:32,794 [INFO] Processing DLF.NS
2026-01-22 01:02:32,975 [INFO] Processing DRREDDY.NS
2026-01-22 01:02:33,198 [INFO] Processing EICHERMOT.NS
2026-01-22 01:02:33,369 [INFO] Processing EXIDEIND.NS
2026-01-22 01:02:33,566 [INFO] Processing FEDERALBNK.NS
2026-01-22 01:02:33,764 [INFO] Processing GAIL.NS
2026-01-22 01:02:33,975 [INFO] Processing GLAND.NS
2026-01-22 01:02:34,146 [INFO] Processing GLENMARK.NS
2026-01-22 01:02:34,356 [INFO] Processing GODREJCP.NS
2026-01-22 01:02:34,595 [INFO] Processing GODREJPROP.NS
2026-01-22 01:02:34,760 [INFO] Processing GRASIM.NS
2026-01-22 01:02:34,953 [INFO] Processing GSPL.NS
2026-01-22 01:02:35,145 [INFO] Processing GUJGASLTD.NS
2026-01-22 01:02:35,333 [INFO] Processing HAVELLS.NS
2026-01-22 01:02:35,542 [INFO] Processing HCLTECH.NS
2026-01-22 01:02:35,755 [INFO] Processing HDFCBANK.NS
2026-01-22 01:02:35,963 [INFO] Processing HDFCLIFE.NS
2026-01-22 01:02:36,150 [INFO] Processing HEROMOTOCO.NS
2026-01-22 01:02:36,321 [INFO] Processing HINDALCO.NS
2026-01-22 01:02:36,537 [INFO] Processing HINDPETRO.NS
2026-01-22 01:02:36,707 [INFO] Processing HINDUNILVR.NS
2026-01-22 01:02:36,901 [INFO] Processing ICICIBANK.NS
2026-01-22 01:02:37,143 [INFO] Processing IDFCFIRSTB.NS
2026-01-22 01:02:37,383 [INFO] Processing IGL.NS
2026-01-22 01:02:37,555 [INFO] Processing INFY.NS
2026-01-22 01:02:37,770 [INFO] Processing IOC.NS
2026-01-22 01:02:38,024 [INFO] Processing ITC.NS
2026-01-22 01:02:38,211 [INFO] Processing JBCHEPHARM.NS
2026-01-22 01:02:38,384 [INFO] Processing JINDALSTEL.NS
2026-01-22 01:02:38,655 [INFO] Processing JIOFIN.NS
2026-01-22 01:02:38,822 [INFO] Processing JKLAKSHMI.NS
2026-01-22 01:02:38,987 [INFO] Processing JSL.NS
2026-01-22 01:02:39,168 [INFO] Processing JSWSTEEL.NS
2026-01-22 01:02:39,475 [INFO] Processing JUBLFOOD.NS
2026-01-22 01:02:39,669 [INFO] Processing KAJARIACER.NS
2026-01-22 01:02:39,836 [INFO] Processing KALYANKJIL.NS
2026-01-22 01:02:40,037 [INFO] Processing KOTAKBANK.NS
2026-01-22 01:02:40,263 [INFO] Processing LAURUSLABS.NS
2026-01-22 01:02:40,426 [INFO] Processing LICHSGFIN.NS
2026-01-22 01:02:40,688 [INFO] Processing LODHA.NS
2026-01-22 01:02:40,905 [INFO] Processing LT.NS
2026-01-22 01:02:41,151 [INFO] Processing LTIM.NS
2026-01-22 01:02:41,343 [INFO] Processing LTTS.NS
2026-01-22 01:02:41,549 [INFO] Processing LUPIN.NS
2026-01-22 01:02:41,734 [INFO] Processing M&M.NS
2026-01-22 01:02:41,935 [INFO] Processing MANKIND.NS
2026-01-22 01:02:42,090 [INFO] Processing MARUTI.NS
2026-01-22 01:02:42,304 [INFO] Processing MAXHEALTH.NS
2026-01-22 01:02:42,519 [INFO] Processing MGL.NS
2026-01-22 01:02:42,716 [INFO] Processing MOTHERSON.NS
2026-01-22 01:02:42,938 [INFO] Processing MPHASIS.NS
2026-01-22 01:02:43,117 [INFO] Processing NATIONALUM.NS
2026-01-22 01:02:43,292 [INFO] Processing NESTLEIND.NS
2026-01-22 01:02:43,564 [INFO] Processing NTPC.NS
2026-01-22 01:02:43,813 [INFO] Processing OBEROIRLTY.NS
2026-01-22 01:02:44,015 [INFO] Processing OFSS.NS
2026-01-22 01:02:44,214 [INFO] Processing ONGC.NS
2026-01-22 01:02:44,487 [INFO] Processing PERSISTENT.NS
2026-01-22 01:02:44,795 [INFO] Processing PETRONET.NS
2026-01-22 01:02:45,093 [INFO] Processing PHOENIXLTD.NS
2026-01-22 01:02:45,309 [INFO] Processing POWERGRID.NS
2026-01-22 01:02:45,502 [INFO] Processing PRESTIGE.NS
2026-01-22 01:02:45,708 [INFO] Processing RADICO.NS
2026-01-22 01:02:45,923 [INFO] Processing RAMCOIND.NS
2026-01-22 01:02:46,250 [INFO] Processing RELIANCE.NS
2026-01-22 01:02:46,558 [INFO] Processing SBILIFE.NS
2026-01-22 01:02:46,723 [INFO] Processing SBIN.NS
2026-01-22 01:02:46,927 [INFO] Processing SHRIRAMFIN.NS
2026-01-22 01:02:47,121 [INFO] Processing SIEMENS.NS
2026-01-22 01:02:47,305 [INFO] Processing SIGNATURE.NS
2026-01-22 01:02:47,453 [INFO] Processing SONACOMS.NS
2026-01-22 01:02:47,612 [INFO] Processing SUNPHARMA.NS
2026-01-22 01:02:47,822 [INFO] Processing TATACONSUM.NS
2026-01-22 01:02:48,026 [INFO] Processing TATAPOWER.NS
2026-01-22 01:02:48,202 [INFO] Processing TATASTEEL.NS
2026-01-22 01:02:48,405 [INFO] Processing TCS.NS
2026-01-22 01:02:48,599 [INFO] Processing TECHM.NS
2026-01-22 01:02:48,777 [INFO] Processing TIINDIA.NS
2026-01-22 01:02:48,961 [INFO] Processing TITAN.NS
2026-01-22 01:02:49,164 [INFO] Processing TMCV.NS
2026-01-22 01:02:49,312 [INFO] Processing TMPV.NS
2026-01-22 01:02:49,475 [INFO] Processing TORNTPHARM.NS
2026-01-22 01:02:49,662 [INFO] Processing TRENT.NS
2026-01-22 01:02:49,858 [INFO] Processing TVSMOTOR.NS
2026-01-22 01:02:50,039 [INFO] Processing ULTRACEMCO.NS
2026-01-22 01:02:50,217 [INFO] Processing UNOMINDA.NS
2026-01-22 01:02:50,386 [INFO] Processing UPL.NS
2026-01-22 01:02:50,570 [INFO] Processing VENKEYS.NS
2026-01-22 01:02:50,744 [INFO] Processing VGUARD.NS
2026-01-22 01:02:50,901 [INFO] Processing VOLTAS.NS
2026-01-22 01:02:51,078 [INFO] Processing WELCORP.NS
2026-01-22 01:02:51,261 [INFO] Processing WHIRLPOOL.NS
2026-01-22 01:02:51,494 [INFO] Processing WIPRO.NS
2026-01-22 01:02:51,702 [INFO] Processing ZYDUSLIFE.NS
2026-01-22 01:02:51,903 [INFO] Reached end of file (EOF)
