2026-01-21 16:34:48,259 [INFO] Batch downloading 130 tickers from 2025-10-23 to 2026-01-21
2026-01-21 16:34:54,983 [INFO] Processing started for 130 stocks
2026-01-21 16:34:54,983 [INFO] Processing stock: ABB.NS
2026-01-21 16:34:56,422 [INFO] Processing stock: ABBOTINDIA.NS
2026-01-21 16:34:57,631 [INFO] Processing stock: ACC.NS
2026-01-21 16:34:59,649 [INFO] Processing stock: AEGISLOG.NS
2026-01-21 16:35:00,889 [INFO] Processing stock: AJANTPHARM.NS
2026-01-21 16:35:02,187 [INFO] Processing stock: ALKEM.NS
2026-01-21 16:35:03,363 [INFO] Processing stock: AMBER.NS
2026-01-21 16:35:04,592 [INFO] Processing stock: AMBUJACEM.NS
2026-01-21 16:35:05,883 [INFO] Processing stock: ANANTRAJ.NS
2026-01-21 16:35:07,054 [INFO] Processing stock: APLLTD.NS
2026-01-21 16:35:08,247 [INFO] Processing stock: APOLLOHOSP.NS
2026-01-21 16:35:09,493 [INFO] Processing stock: APOLLOTYRE.NS
2026-01-21 16:35:10,711 [INFO] Processing stock: ASHOKLEY.NS
2026-01-21 16:35:11,944 [INFO] Processing stock: ASIANPAINT.NS
2026-01-21 16:35:13,112 [INFO] Processing stock: AUROPHARMA.NS
2026-01-21 16:35:14,246 [INFO] Processing stock: AXISBANK.NS
2026-01-21 16:35:15,589 [INFO] Processing stock: BAJAJ-AUTO.NS
2026-01-21 16:35:16,840 [INFO] Processing stock: BAJAJFINSV.NS
2026-01-21 16:35:18,011 [INFO] Processing stock: BAJFINANCE.NS
2026-01-21 16:35:19,237 [INFO] Processing stock: BATAINDIA.NS
2026-01-21 16:35:20,433 [INFO] Processing stock: BEL.NS
2026-01-21 16:35:21,733 [INFO] Processing stock: BEML.NS
2026-01-21 16:35:22,929 [INFO] Processing stock: BHARATFORG.NS
2026-01-21 16:35:24,164 [INFO] Processing stock: BHARTIARTL.NS
2026-01-21 16:35:25,344 [INFO] Processing stock: BIOCON.NS
2026-01-21 16:35:26,601 [INFO] Processing stock: BLUESTARCO.NS
2026-01-21 16:35:27,787 [INFO] Processing stock: BPCL.NS
2026-01-21 16:35:28,968 [INFO] Processing stock: BRIGADE.NS
2026-01-21 16:35:30,206 [INFO] Processing stock: CENTURYPLY.NS
2026-01-21 16:35:31,607 [INFO] Processing stock: CERA.NS
2026-01-21 16:35:32,832 [INFO] Processing stock: CIPLA.NS
2026-01-21 16:35:34,055 [INFO] Processing stock: COALINDIA.NS
2026-01-21 16:35:35,364 [INFO] Processing stock: COFORGE.NS
2026-01-21 16:35:36,694 [INFO] Processing stock: CROMPTON.NS
2026-01-21 16:35:38,295 [INFO] Processing stock: DIVISLAB.NS
2026-01-21 16:35:39,795 [INFO] Processing stock: DIXON.NS
2026-01-21 16:35:41,270 [INFO] Processing stock: DLF.NS
2026-01-21 16:35:42,516 [INFO] Processing stock: DRREDDY.NS
2026-01-21 16:35:43,938 [INFO] Processing stock: EICHERMOT.NS
2026-01-21 16:35:45,231 [INFO] Processing stock: EXIDEIND.NS
2026-01-21 16:35:46,395 [INFO] Processing stock: FEDERALBNK.NS
2026-01-21 16:35:47,578 [INFO] Processing stock: GLAND.NS
2026-01-21 16:35:48,844 [INFO] Processing stock: GLENMARK.NS
2026-01-21 16:35:50,211 [INFO] Processing stock: GODREJCP.NS
2026-01-21 16:35:51,575 [INFO] Processing stock: GODREJPROP.NS
2026-01-21 16:35:52,939 [INFO] Processing stock: GRASIM.NS
2026-01-21 16:35:54,732 [INFO] Processing stock: GAIL.NS
2026-01-21 16:35:56,181 [INFO] Processing stock: GSPL.NS
2026-01-21 16:35:58,723 [INFO] Processing stock: GUJGASLTD.NS
2026-01-21 16:36:00,631 [INFO] Processing stock: HAVELLS.NS
2026-01-21 16:36:02,112 [INFO] Processing stock: HCLTECH.NS
2026-01-21 16:36:03,444 [INFO] Processing stock: HDFCBANK.NS
2026-01-21 16:36:04,796 [INFO] Processing stock: HDFCLIFE.NS
2026-01-21 16:36:06,243 [INFO] Processing stock: HEROMOTOCO.NS
2026-01-21 16:36:07,508 [INFO] Processing stock: HINDALCO.NS
2026-01-21 16:36:08,807 [INFO] Processing stock: HINDPETRO.NS
2026-01-21 16:36:10,142 [INFO] Processing stock: HINDUNILVR.NS
2026-01-21 16:36:11,466 [INFO] Processing stock: ICICIBANK.NS
2026-01-21 16:36:12,707 [INFO] Processing stock: IDFCFIRSTB.NS
2026-01-21 16:36:14,069 [INFO] Processing stock: IGL.NS
2026-01-21 16:36:15,476 [INFO] Processing stock: INFY.NS
2026-01-21 16:36:16,798 [INFO] Processing stock: IOC.NS
2026-01-21 16:36:18,151 [INFO] Processing stock: ITC.NS
2026-01-21 16:36:19,353 [INFO] Processing stock: JBCHEPHARM.NS
2026-01-21 16:36:20,653 [INFO] Processing stock: JKLAKSHMI.NS
2026-01-21 16:36:21,959 [INFO] Processing stock: JINDALSTEL.NS
2026-01-21 16:36:23,630 [INFO] Processing stock: JIOFIN.NS
2026-01-21 16:36:25,284 [INFO] Processing stock: JSWSTEEL.NS
2026-01-21 16:36:27,273 [INFO] Processing stock: JSL.NS
2026-01-21 16:36:29,135 [INFO] Processing stock: JUBLFOOD.NS
2026-01-21 16:36:30,806 [INFO] Processing stock: KAJARIACER.NS
2026-01-21 16:36:32,505 [INFO] Processing stock: KALYANKJIL.NS
2026-01-21 16:36:34,246 [INFO] Processing stock: KOTAKBANK.NS
2026-01-21 16:36:36,343 [INFO] Processing stock: LAURUSLABS.NS
2026-01-21 16:36:38,339 [INFO] Processing stock: LICHSGFIN.NS
2026-01-21 16:36:40,040 [INFO] Processing stock: LODHA.NS
2026-01-21 16:36:41,923 [INFO] Processing stock: LT.NS
2026-01-21 16:36:44,049 [INFO] Processing stock: LTIM.NS
2026-01-21 16:36:46,077 [INFO] Processing stock: LTTS.NS
2026-01-21 16:36:48,468 [INFO] Processing stock: LUPIN.NS
2026-01-21 16:36:50,268 [INFO] Processing stock: M&M.NS
2026-01-21 16:36:51,863 [INFO] Processing stock: MANKIND.NS
2026-01-21 16:36:53,575 [INFO] Processing stock: MARUTI.NS
2026-01-21 16:36:55,691 [INFO] Processing stock: MAXHEALTH.NS
2026-01-21 16:36:57,516 [INFO] Processing stock: MGL.NS
2026-01-21 16:36:59,344 [INFO] Processing stock: MOTHERSON.NS
2026-01-21 16:37:01,184 [INFO] Processing stock: MPHASIS.NS
2026-01-21 16:37:03,024 [INFO] Processing stock: NATIONALUM.NS
2026-01-21 16:37:05,458 [INFO] Processing stock: NESTLEIND.NS
2026-01-21 16:37:07,161 [INFO] Processing stock: NTPC.NS
2026-01-21 16:37:08,686 [INFO] Processing stock: OBEROIRLTY.NS
2026-01-21 16:37:10,038 [INFO] Processing stock: OFSS.NS
2026-01-21 16:37:11,310 [INFO] Processing stock: ONGC.NS
2026-01-21 16:37:12,570 [INFO] Processing stock: PETRONET.NS
2026-01-21 16:37:13,886 [INFO] Processing stock: PHOENIXLTD.NS
2026-01-21 16:37:15,360 [INFO] Processing stock: POWERGRID.NS
2026-01-21 16:37:16,729 [INFO] Processing stock: PRESTIGE.NS
2026-01-21 16:37:18,052 [INFO] Processing stock: PERSISTENT.NS
2026-01-21 16:37:19,378 [INFO] Processing stock: RADICO.NS
2026-01-21 16:37:20,760 [INFO] Processing stock: RAMCOIND.NS
2026-01-21 16:37:22,372 [INFO] Processing stock: RELIANCE.NS
2026-01-21 16:37:23,991 [INFO] Processing stock: SBILIFE.NS
2026-01-21 16:37:25,356 [INFO] Processing stock: SBIN.NS
2026-01-21 16:37:26,691 [INFO] Processing stock: SHRIRAMFIN.NS
2026-01-21 16:37:28,150 [INFO] Processing stock: SIEMENS.NS
2026-01-21 16:37:29,590 [INFO] Processing stock: SIGNATURE.NS
2026-01-21 16:37:30,882 [INFO] Processing stock: SONACOMS.NS
2026-01-21 16:37:32,196 [INFO] Processing stock: SUNPHARMA.NS
2026-01-21 16:37:33,932 [INFO] Processing stock: TATACONSUM.NS
2026-01-21 16:37:35,460 [INFO] Processing stock: TATASTEEL.NS
2026-01-21 16:37:36,905 [INFO] Processing stock: TMPV.NS
2026-01-21 16:37:38,190 [INFO] Processing stock: TMCV.NS
2026-01-21 16:37:39,515 [INFO] Processing stock: TATAPOWER.NS
2026-01-21 16:37:40,830 [INFO] Processing stock: TCS.NS
2026-01-21 16:37:42,244 [INFO] Processing stock: TECHM.NS
2026-01-21 16:37:43,671 [INFO] Processing stock: TIINDIA.NS
2026-01-21 16:37:44,981 [INFO] Processing stock: TITAN.NS
2026-01-21 16:37:46,280 [INFO] Processing stock: TORNTPHARM.NS
2026-01-21 16:37:47,712 [INFO] Processing stock: TRENT.NS
2026-01-21 16:37:49,056 [INFO] Processing stock: TVSMOTOR.NS
2026-01-21 16:37:50,638 [INFO] Processing stock: ULTRACEMCO.NS
2026-01-21 16:37:51,932 [INFO] Processing stock: UNOMINDA.NS
2026-01-21 16:37:53,221 [INFO] Processing stock: UPL.NS
2026-01-21 16:37:54,634 [INFO] Processing stock: VGUARD.NS
2026-01-21 16:37:56,033 [INFO] Processing stock: VENKEYS.NS
2026-01-21 16:37:57,212 [INFO] Processing stock: VOLTAS.NS
2026-01-21 16:37:58,480 [INFO] Processing stock: WELCORP.NS
2026-01-21 16:37:59,734 [INFO] Processing stock: WHIRLPOOL.NS
2026-01-21 16:38:01,046 [INFO] Processing stock: WIPRO.NS
2026-01-21 16:38:02,647 [INFO] Processing stock: ZYDUSLIFE.NS
2026-01-21 16:38:04,050 [INFO] Processing completed. Success=130, Skipped=0
2026-01-21 16:38:04,271 [INFO] \U0001f4ca 130 summarized predictions saved to prediction_summary.
2026-01-21 16:38:04,272 [INFO] \u2705 Prediction summary saved to DB successfully.
